[debug] [2021-07-13T08:55:05.419Z] ----------------------------------------------------------------------
[debug] [2021-07-13T08:55:05.420Z] Command:       C:\Program Files\nodejs\node.exe C:\Users\shoji\AppData\Roaming\npm\node_modules\firebase-tools\lib\bin\firebase.js init
[debug] [2021-07-13T08:55:05.421Z] CLI Version:   9.14.0
[debug] [2021-07-13T08:55:05.421Z] Platform:      win32
[debug] [2021-07-13T08:55:05.421Z] Node Version:  v16.2.0
[debug] [2021-07-13T08:55:05.422Z] Time:          Tue Jul 13 2021 14:55:05 GMT+0600 (Bangladesh Standard Time)
[debug] [2021-07-13T08:55:05.422Z] ----------------------------------------------------------------------
[debug] 
[debug] [2021-07-13T08:55:05.428Z] > command requires scopes: ["email","openid","https://www.googleapis.com/auth/cloudplatformprojects.readonly","https://www.googleapis.com/auth/firebase","https://www.googleapis.com/auth/cloud-platform"]
[debug] [2021-07-13T08:55:05.428Z] > authorizing via signed-in user (shojib178@gmail.com)
[info] 
     ######## #### ########  ######## ########     ###     ######  ########
     ##        ##  ##     ## ##       ##     ##  ##   ##  ##       ##
     ######    ##  ########  ######   ########  #########  ######  ######
     ##        ##  ##    ##  ##       ##     ## ##     ##       ## ##
     ##       #### ##     ## ######## ########  ##     ##  ######  ########

You're about to initialize a Firebase project in this directory:

  C:\Reactjs\amazonclone

Before we get started, keep in mind:

  * You are currently outside your home directory
  * You are initializing within an existing Firebase project directory

